This file contains any messages produced by compilers while
running configure, to aid debugging if configure makes a mistake.

It was created by configure, which was
generated by GNU Autoconf 2.52.  Invocation command line was

  $ ./configure 

## ---------- ##
## Platform.  ##
## ---------- ##

hostname = matthew-desktop
uname -m = i686
uname -r = 2.6.24-19-generic
uname -s = Linux
uname -v = #1 SMP Wed Jun 18 14:43:41 UTC 2008

/usr/bin/uname -p = unknown
/bin/uname -X     = unknown

/bin/arch              = unknown
/usr/bin/arch -k       = unknown
/usr/convex/getsysinfo = unknown
hostinfo               = unknown
/bin/machine           = unknown
/usr/bin/oslevel       = unknown
/bin/universe          = unknown

PATH = /usr/local/sbin:/usr/local/bin:/usr/sbin:/usr/bin:/sbin:/bin:/usr/games

## ------------ ##
## Core tests.  ##
## ------------ ##

configure:908: PATH=".;."; conftest.sh
./configure: 916: conftest.sh: not found
configure:911: $? = 127
configure:963: checking for gcc
configure:978: found /usr/bin/gcc
configure:986: result: gcc
configure:1214: checking for C compiler version
configure:1217: gcc --version </dev/null >&5
gcc (GCC) 4.2.3 (Ubuntu 4.2.3-2ubuntu7)
Copyright (C) 2007 Free Software Foundation, Inc.
This is free software; see the source for copying conditions.  There is NO
warranty; not even for MERCHANTABILITY or FITNESS FOR A PARTICULAR PURPOSE.

configure:1220: $? = 0
configure:1222: gcc -v </dev/null >&5
Using built-in specs.
Target: i486-linux-gnu
Configured with: ../src/configure -v --enable-languages=c,c++,fortran,objc,obj-c++,treelang --prefix=/usr --enable-shared --with-system-zlib --libexecdir=/usr/lib --without-included-gettext --enable-threads=posix --enable-nls --with-gxx-include-dir=/usr/include/c++/4.2 --program-suffix=-4.2 --enable-clocale=gnu --enable-libstdcxx-debug --enable-objc-gc --enable-mpfr --enable-targets=all --enable-checking=release --build=i486-linux-gnu --host=i486-linux-gnu --target=i486-linux-gnu
Thread model: posix
gcc version 4.2.3 (Ubuntu 4.2.3-2ubuntu7)
configure:1225: $? = 0
configure:1227: gcc -V </dev/null >&5
gcc: '-V' option must have argument
configure:1230: $? = 1
configure:1250: checking for C compiler default output
configure:1253: gcc    conftest.c  >&5
configure:1256: $? = 0
configure:1285: result: a.out
configure:1290: checking whether the C compiler works
configure:1296: ./a.out
configure:1299: $? = 0
configure:1314: result: yes
configure:1321: checking whether we are cross compiling
configure:1323: result: no
configure:1326: checking for executable suffix
configure:1328: gcc -o conftest    conftest.c  >&5
configure:1331: $? = 0
configure:1353: result: 
configure:1359: checking for object suffix
configure:1377: gcc -c   conftest.c >&5
configure:1380: $? = 0
configure:1399: result: o
configure:1403: checking whether we are using the GNU C compiler
configure:1424: gcc -c   conftest.c >&5
configure:1427: $? = 0
configure:1430: test -s conftest.o
configure:1433: $? = 0
configure:1445: result: yes
configure:1451: checking whether gcc accepts -g
configure:1469: gcc -c -g  conftest.c >&5
configure:1472: $? = 0
configure:1475: test -s conftest.o
configure:1478: $? = 0
configure:1488: result: yes
configure:1515: gcc -c -g -O2  conftest.c >&5
conftest.c:2: error: expected '=', ',', ';', 'asm' or '__attribute__' before 'me'
configure:1518: $? = 1
configure: failed program was:
#ifndef __cplusplus
  choke me
#endif
configure:1654: checking for ranlib
configure:1669: found /usr/bin/ranlib
configure:1678: result: ranlib
configure:1727: checking for a BSD compatible install
configure:1776: result: /usr/bin/install -c
configure:1789: checking for ar
configure:1806: found /usr/bin/ar
configure:1818: result: /usr/bin/ar
configure:1837: checking build system type
configure:1855: result: i686-pc-linux-gnu
configure:1862: checking host system type
configure:1876: result: i686-pc-linux-gnu
configure:1912: checking for pthread_create in -lpthread
configure:1939: gcc -o conftest -g -O2   conftest.c -lpthread   >&5
configure:1942: $? = 0
configure:1945: test -s conftest
configure:1948: $? = 0
configure:1959: result: yes
configure:2090: creating ./config.status

## ----------------------- ##
## Running config.status.  ##
## ----------------------- ##

This file was extended by config.status 2.52, executed with
  CONFIG_FILES    = 
  CONFIG_HEADERS  = 
  CONFIG_LINKS    = 
  CONFIG_COMMANDS = 
  > ./config.status 
on matthew-desktop

config.status:2532: creating Makefile

## ----------------- ##
## Cache variables.  ##
## ----------------- ##

ac_cv_build='i686-pc-linux-gnu'
ac_cv_build_alias='i686-pc-linux-gnu'
ac_cv_c_compiler_gnu='yes'
ac_cv_env_CC_set=''
ac_cv_env_CC_value=''
ac_cv_env_CFLAGS_set=''
ac_cv_env_CFLAGS_value=''
ac_cv_env_CPPFLAGS_set=''
ac_cv_env_CPPFLAGS_value=''
ac_cv_env_LDFLAGS_set=''
ac_cv_env_LDFLAGS_value=''
ac_cv_env_build_alias_set=''
ac_cv_env_build_alias_value=''
ac_cv_env_host_alias_set=''
ac_cv_env_host_alias_value=''
ac_cv_env_target_alias_set=''
ac_cv_env_target_alias_value=''
ac_cv_host='i686-pc-linux-gnu'
ac_cv_host_alias='i686-pc-linux-gnu'
ac_cv_lib_pthread_pthread_create='yes'
ac_cv_objext='o'
ac_cv_path_AR='/usr/bin/ar'
ac_cv_path_install='/usr/bin/install -c'
ac_cv_prog_ac_ct_CC='gcc'
ac_cv_prog_ac_ct_RANLIB='ranlib'
ac_cv_prog_cc_g='yes'

## ------------ ##
## confdefs.h.  ##
## ------------ ##

#define HAVE_LIBPTHREAD 1


configure: exit 0
